<?xml version="1.0" encoding="UTF-8"?>
<!-- Generated by org.testng.reporters.JUnitReportReporter -->
<testsuite hostname="DESKTOP-ORR5EQK" name="com.cmic.GoAppiumTest.dataprovider.CheckSearch" tests="4" failures="0" timestamp="9 Apr 2018 07:09:08 GMT" time="26.650" errors="0">
  <testcase name="searchDataProvider" time="8.313" classname="com.cmic.GoAppiumTest.dataprovider.CheckSearch"/>
  <testcase name="initCheck" time="0.140" classname="com.cmic.GoAppiumTest.dataprovider.CheckSearch"/>
  <testcase name="searchDataProvider" time="9.867" classname="com.cmic.GoAppiumTest.dataprovider.CheckSearch"/>
  <testcase name="searchDataProvider" time="8.330" classname="com.cmic.GoAppiumTest.dataprovider.CheckSearch"/>
</testsuite> <!-- com.cmic.GoAppiumTest.dataprovider.CheckSearch -->
